<?xml version="1.0" encoding="UTF-8"?>
<!-- Generated by org.testng.reporters.JUnitXMLReporter -->
<testsuite ignored="0" hostname="DESKTOP-ROBIN" failures="0" tests="2" name="Schema Test" time="4.017" errors="0" timestamp="2025-06-03T23:42:49 EDT">
  <testcase classname="com.qa.api.schema.tests.GoRestUserAPISchemaTest" name="createUserAPISchemaTest" time="2.692"/>
  <testcase classname="com.qa.api.schema.tests.GoRestUserAPISchemaTest" name="getAllUsersAPISchemaTest" time="1.092"/>
</testsuite> <!-- Schema Test -->
