<?xml version="1.0" encoding="UTF-8"?>
<!-- Generated by org.testng.reporters.JUnitXMLReporter -->
<testsuite ignored="0" hostname="DESKTOP-ROBIN" failures="0" tests="2" name="Schema Test" time="4.672" errors="0" timestamp="2025-05-30T03:15:42 EDT">
  <testcase classname="com.qa.api.schema.tests.GoRestUserAPISchemaTest" name="createUserAPISchemaTest" time="3.051"/>
  <testcase classname="com.qa.api.schema.tests.GoRestUserAPISchemaTest" name="getAllUsersAPISchemaTest" time="1.063"/>
</testsuite> <!-- Schema Test -->
