<?xml version="1.0" encoding="UTF-8"?>
<!-- Generated by org.testng.reporters.JUnitXMLReporter -->
<testsuite ignored="2" hostname="DESKTOP-ROBIN" failures="0" tests="1" name="Go Rest API Test - Create User" time="2.44" errors="0" timestamp="2025-06-02T14:02:26 EDT">
  <testcase classname="com.qa.api.gorest.tests.CreateUserTest" name="createAUserTest" time="2.432"/>
  <testcase classname="com.qa.api.gorest.tests.CreateUserTest" name="createAUserWithJsonStringTest" time="0.0">
    <ignored/>
  </testcase> <!-- createAUserWithJsonStringTest -->
  <testcase classname="com.qa.api.gorest.tests.CreateUserTest" name="createAUserTestWithJsonfile" time="0.0">
    <ignored/>
  </testcase> <!-- createAUserTestWithJsonfile -->
</testsuite> <!-- Go Rest API Test - Create User -->
