<?xml version="1.0" encoding="UTF-8"?>
<!-- Generated by org.testng.reporters.JUnitXMLReporter -->
<testsuite ignored="1" hostname="DESKTOP-ROBIN" failures="0" tests="2" name="Go Rest API Test - Get User" time="3.438" errors="0" timestamp="2025-06-03T20:54:13 EDT">
  <testcase classname="com.qa.api.gorest.tests.GetUserTest" name="getAllUsersTest" time="2.252"/>
  <testcase classname="com.qa.api.gorest.tests.GetUserTest" name="getAllUsersWithQueryParamTest" time="0.935"/>
  <testcase classname="com.qa.api.gorest.tests.GetUserTest" name="getSingleUserTest" time="0.0">
    <ignored/>
  </testcase> <!-- getSingleUserTest -->
</testsuite> <!-- Go Rest API Test - Get User -->
