<?xml version="1.0" encoding="UTF-8"?>
<!-- Generated by org.testng.reporters.JUnitXMLReporter -->
<testsuite ignored="2" hostname="DESKTOP-ROBIN" failures="0" tests="6" name="Go Rest API Test - Create User" time="7.563" errors="0" timestamp="2025-06-03T20:54:20 EDT">
  <testcase classname="com.qa.api.gorest.tests.CreateUserTest" name="createAUserWithDataProviderTest" time="1.826"/>
  <testcase classname="com.qa.api.gorest.tests.CreateUserTest" name="createAUserWithDataProviderTest" time="1.114"/>
  <testcase classname="com.qa.api.gorest.tests.CreateUserTest" name="createAUserWithDataProviderTest" time="1.088"/>
  <testcase classname="com.qa.api.gorest.tests.CreateUserTest" name="createAUserWithDataProviderTest" time="1.071"/>
  <testcase classname="com.qa.api.gorest.tests.CreateUserTest" name="createAUserWithDataProviderTest" time="0.911"/>
  <testcase classname="com.qa.api.gorest.tests.CreateUserTest" name="createAUserWithPOJOTest" time="1.166"/>
  <testcase classname="com.qa.api.gorest.tests.CreateUserTest" name="createAUserTestWithJsonfile" time="0.0">
    <ignored/>
  </testcase> <!-- createAUserTestWithJsonfile -->
  <testcase classname="com.qa.api.gorest.tests.CreateUserTest" name="createAUserWithJsonStringTest" time="0.0">
    <ignored/>
  </testcase> <!-- createAUserWithJsonStringTest -->
</testsuite> <!-- Go Rest API Test - Create User -->
