<?xml version="1.0" encoding="UTF-8"?>
<!-- Generated by org.testng.reporters.JUnitXMLReporter -->
<testsuite ignored="1" hostname="DESKTOP-ROBIN" failures="0" tests="2" name="Go Rest API Test - Get User" time="2.838" errors="0" timestamp="2025-06-03T23:43:11 EDT">
  <testcase classname="com.qa.api.gorest.tests.GetUserTest" name="getAllUsersTest" time="1.534"/>
  <testcase classname="com.qa.api.gorest.tests.GetUserTest" name="getAllUsersWithQueryParamTest" time="1.03"/>
  <testcase classname="com.qa.api.gorest.tests.GetUserTest" name="getSingleUserTest" time="0.0">
    <ignored/>
  </testcase> <!-- getSingleUserTest -->
</testsuite> <!-- Go Rest API Test - Get User -->
