<?xml version="1.0" encoding="UTF-8"?>
<!-- Generated by org.testng.reporters.JUnitXMLReporter -->
<testsuite ignored="0" hostname="DESKTOP-ROBIN" failures="0" tests="2" name="Schema Test" time="2.292" errors="0" timestamp="2025-06-03T23:43:29 EDT">
  <testcase classname="com.qa.api.schema.tests.GoRestUserAPISchemaTest" name="createUserAPISchemaTest" time="1.256"/>
  <testcase classname="com.qa.api.schema.tests.GoRestUserAPISchemaTest" name="getAllUsersAPISchemaTest" time="1.025"/>
</testsuite> <!-- Schema Test -->
