<?xml version="1.0" encoding="UTF-8"?>
<!-- Generated by org.testng.reporters.JUnitXMLReporter -->
<testsuite ignored="2" hostname="DESKTOP-ROBIN" failures="0" tests="6" name="Go Rest API Test - Create User" time="7.998" errors="0" timestamp="2025-06-03T23:42:24 EDT">
  <testcase classname="com.qa.api.gorest.tests.CreateUserTest" name="createAUserWithDataProviderTest" time="2.422"/>
  <testcase classname="com.qa.api.gorest.tests.CreateUserTest" name="createAUserWithDataProviderTest" time="1.255"/>
  <testcase classname="com.qa.api.gorest.tests.CreateUserTest" name="createAUserWithDataProviderTest" time="1.142"/>
  <testcase classname="com.qa.api.gorest.tests.CreateUserTest" name="createAUserWithDataProviderTest" time="1.084"/>
  <testcase classname="com.qa.api.gorest.tests.CreateUserTest" name="createAUserWithDataProviderTest" time="0.648"/>
  <testcase classname="com.qa.api.gorest.tests.CreateUserTest" name="createAUserWithPOJOTest" time="1.078"/>
  <testcase classname="com.qa.api.gorest.tests.CreateUserTest" name="createAUserWithJsonStringTest" time="0.0">
    <ignored/>
  </testcase> <!-- createAUserWithJsonStringTest -->
  <testcase classname="com.qa.api.gorest.tests.CreateUserTest" name="createAUserTestWithJsonfile" time="0.0">
    <ignored/>
  </testcase> <!-- createAUserTestWithJsonfile -->
</testsuite> <!-- Go Rest API Test - Create User -->
