<?xml version="1.0" encoding="UTF-8"?>
<!-- Generated by org.testng.reporters.JUnitXMLReporter -->
<testsuite ignored="2" hostname="DESKTOP-ROBIN" failures="0" tests="6" name="Go Rest API Test - Create User" time="7.545" errors="0" timestamp="2025-06-03T20:52:58 EDT">
  <testcase classname="com.qa.api.gorest.tests.CreateUserTest" name="createAUserWithDataProviderTest" time="1.8"/>
  <testcase classname="com.qa.api.gorest.tests.CreateUserTest" name="createAUserWithDataProviderTest" time="1.058"/>
  <testcase classname="com.qa.api.gorest.tests.CreateUserTest" name="createAUserWithDataProviderTest" time="1.057"/>
  <testcase classname="com.qa.api.gorest.tests.CreateUserTest" name="createAUserWithDataProviderTest" time="1.017"/>
  <testcase classname="com.qa.api.gorest.tests.CreateUserTest" name="createAUserWithDataProviderTest" time="1.128"/>
  <testcase classname="com.qa.api.gorest.tests.CreateUserTest" name="createAUserWithPOJOTest" time="1.085"/>
  <testcase classname="com.qa.api.gorest.tests.CreateUserTest" name="createAUserWithJsonStringTest" time="0.0">
    <ignored/>
  </testcase> <!-- createAUserWithJsonStringTest -->
  <testcase classname="com.qa.api.gorest.tests.CreateUserTest" name="createAUserTestWithJsonfile" time="0.0">
    <ignored/>
  </testcase> <!-- createAUserTestWithJsonfile -->
</testsuite> <!-- Go Rest API Test - Create User -->
