<?xml version="1.0" encoding="UTF-8"?>
<testng-results ignored="3" total="18" passed="15" failed="0" skipped="0">
  <reporter-output>
  </reporter-output>
  <suite started-at="2025-06-03T23:30:07 EDT" name="API Regression Master Test Suite" finished-at="2025-06-03T23:30:31 EDT" duration-ms="23955">
    <groups>
    </groups>
    <test started-at="2025-06-03T23:30:07 EDT" name="Go Rest API Test - Get User" finished-at="2025-06-03T23:30:10 EDT" duration-ms="3244">
      <class name="com.qa.api.gorest.tests.GetUserTest">
        <test-method is-config="true" signature="setup()[pri:0, instance:com.qa.api.gorest.tests.GetUserTest@53aac487]" started-at="2025-06-03T23:30:07 EDT" name="setup" finished-at="2025-06-03T23:30:07 EDT" duration-ms="131" status="PASS">
          <reporter-output>
          </reporter-output>
        </test-method> <!-- setup -->
        <test-method signature="getAllUsersTest()[pri:0, instance:com.qa.api.gorest.tests.GetUserTest@53aac487]" started-at="2025-06-03T23:30:07 EDT" name="getAllUsersTest" finished-at="2025-06-03T23:30:09 EDT" duration-ms="2023" status="PASS">
          <reporter-output>
          </reporter-output>
        </test-method> <!-- getAllUsersTest -->
        <test-method signature="getAllUsersWithQueryParamTest()[pri:0, instance:com.qa.api.gorest.tests.GetUserTest@53aac487]" started-at="2025-06-03T23:30:09 EDT" name="getAllUsersWithQueryParamTest" finished-at="2025-06-03T23:30:10 EDT" duration-ms="956" status="PASS">
          <reporter-output>
          </reporter-output>
        </test-method> <!-- getAllUsersWithQueryParamTest -->
      </class> <!-- com.qa.api.gorest.tests.GetUserTest -->
    </test> <!-- Go Rest API Test - Get User -->
    <test started-at="2025-06-03T23:30:10 EDT" name="Go Rest API Test - Create User" finished-at="2025-06-03T23:30:18 EDT" duration-ms="7663">
      <class name="com.qa.api.gorest.tests.CreateUserTest">
        <test-method is-config="true" signature="setup()[pri:0, instance:com.qa.api.gorest.tests.CreateUserTest@1f6c9cd8]" started-at="2025-06-03T23:30:10 EDT" name="setup" finished-at="2025-06-03T23:30:10 EDT" duration-ms="1" status="PASS">
          <reporter-output>
          </reporter-output>
        </test-method> <!-- setup -->
        <test-method is-config="true" signature="setUpToken()[pri:0, instance:com.qa.api.gorest.tests.CreateUserTest@1f6c9cd8]" started-at="2025-06-03T23:30:10 EDT" name="setUpToken" finished-at="2025-06-03T23:30:10 EDT" duration-ms="1" status="PASS">
          <reporter-output>
          </reporter-output>
        </test-method> <!-- setUpToken -->
        <test-method signature="createAUserWithDataProviderTest(java.lang.String,java.lang.String,java.lang.String)[pri:0, instance:com.qa.api.gorest.tests.CreateUserTest@1f6c9cd8]" started-at="2025-06-03T23:30:10 EDT" name="createAUserWithDataProviderTest" data-provider="getUserExcelData" finished-at="2025-06-03T23:30:12 EDT" duration-ms="1926" status="PASS">
          <params>
            <param index="0">
              <value>
                <![CDATA[Carlos]]>
              </value>
            </param>
            <param index="1">
              <value>
                <![CDATA[male]]>
              </value>
            </param>
            <param index="2">
              <value>
                <![CDATA[active]]>
              </value>
            </param>
          </params>
          <reporter-output>
          </reporter-output>
        </test-method> <!-- createAUserWithDataProviderTest -->
        <test-method signature="createAUserWithDataProviderTest(java.lang.String,java.lang.String,java.lang.String)[pri:0, instance:com.qa.api.gorest.tests.CreateUserTest@1f6c9cd8]" started-at="2025-06-03T23:30:12 EDT" name="createAUserWithDataProviderTest" data-provider="getUserExcelData" finished-at="2025-06-03T23:30:13 EDT" duration-ms="1086" status="PASS">
          <params>
            <param index="0">
              <value>
                <![CDATA[Raul]]>
              </value>
            </param>
            <param index="1">
              <value>
                <![CDATA[male]]>
              </value>
            </param>
            <param index="2">
              <value>
                <![CDATA[inactive]]>
              </value>
            </param>
          </params>
          <reporter-output>
          </reporter-output>
        </test-method> <!-- createAUserWithDataProviderTest -->
        <test-method signature="createAUserWithDataProviderTest(java.lang.String,java.lang.String,java.lang.String)[pri:0, instance:com.qa.api.gorest.tests.CreateUserTest@1f6c9cd8]" started-at="2025-06-03T23:30:13 EDT" name="createAUserWithDataProviderTest" data-provider="getUserExcelData" finished-at="2025-06-03T23:30:14 EDT" duration-ms="997" status="PASS">
          <params>
            <param index="0">
              <value>
                <![CDATA[Pedro]]>
              </value>
            </param>
            <param index="1">
              <value>
                <![CDATA[male]]>
              </value>
            </param>
            <param index="2">
              <value>
                <![CDATA[active]]>
              </value>
            </param>
          </params>
          <reporter-output>
          </reporter-output>
        </test-method> <!-- createAUserWithDataProviderTest -->
        <test-method signature="createAUserWithDataProviderTest(java.lang.String,java.lang.String,java.lang.String)[pri:0, instance:com.qa.api.gorest.tests.CreateUserTest@1f6c9cd8]" started-at="2025-06-03T23:30:14 EDT" name="createAUserWithDataProviderTest" data-provider="getUserExcelData" finished-at="2025-06-03T23:30:15 EDT" duration-ms="984" status="PASS">
          <params>
            <param index="0">
              <value>
                <![CDATA[Ana]]>
              </value>
            </param>
            <param index="1">
              <value>
                <![CDATA[female]]>
              </value>
            </param>
            <param index="2">
              <value>
                <![CDATA[active]]>
              </value>
            </param>
          </params>
          <reporter-output>
          </reporter-output>
        </test-method> <!-- createAUserWithDataProviderTest -->
        <test-method signature="createAUserWithDataProviderTest(java.lang.String,java.lang.String,java.lang.String)[pri:0, instance:com.qa.api.gorest.tests.CreateUserTest@1f6c9cd8]" started-at="2025-06-03T23:30:15 EDT" name="createAUserWithDataProviderTest" data-provider="getUserExcelData" finished-at="2025-06-03T23:30:16 EDT" duration-ms="1114" status="PASS">
          <params>
            <param index="0">
              <value>
                <![CDATA[Karla]]>
              </value>
            </param>
            <param index="1">
              <value>
                <![CDATA[female]]>
              </value>
            </param>
            <param index="2">
              <value>
                <![CDATA[active]]>
              </value>
            </param>
          </params>
          <reporter-output>
          </reporter-output>
        </test-method> <!-- createAUserWithDataProviderTest -->
        <test-method signature="createAUserWithPOJOTest()[pri:0, instance:com.qa.api.gorest.tests.CreateUserTest@1f6c9cd8]" started-at="2025-06-03T23:30:16 EDT" name="createAUserWithPOJOTest" finished-at="2025-06-03T23:30:18 EDT" duration-ms="1169" status="PASS">
          <reporter-output>
          </reporter-output>
        </test-method> <!-- createAUserWithPOJOTest -->
      </class> <!-- com.qa.api.gorest.tests.CreateUserTest -->
    </test> <!-- Go Rest API Test - Create User -->
    <test started-at="2025-06-03T23:30:18 EDT" name="Go Rest API Test - Update User" finished-at="2025-06-03T23:30:22 EDT" duration-ms="4354">
      <class name="com.qa.api.gorest.tests.UpdateUserTest">
        <test-method is-config="true" signature="setup()[pri:0, instance:com.qa.api.gorest.tests.UpdateUserTest@7ca33c24]" started-at="2025-06-03T23:30:18 EDT" name="setup" finished-at="2025-06-03T23:30:18 EDT" duration-ms="1" status="PASS">
          <reporter-output>
          </reporter-output>
        </test-method> <!-- setup -->
        <test-method signature="updateAUserTest()[pri:0, instance:com.qa.api.gorest.tests.UpdateUserTest@7ca33c24]" started-at="2025-06-03T23:30:18 EDT" name="updateAUserTest" finished-at="2025-06-03T23:30:22 EDT" duration-ms="4351" status="PASS">
          <reporter-output>
          </reporter-output>
        </test-method> <!-- updateAUserTest -->
        <test-method is-config="true" signature="setUpToken()[pri:0, instance:com.qa.api.gorest.tests.UpdateUserTest@7ca33c24]" started-at="2025-06-03T23:30:18 EDT" name="setUpToken" finished-at="2025-06-03T23:30:18 EDT" duration-ms="0" status="PASS">
          <reporter-output>
          </reporter-output>
        </test-method> <!-- setUpToken -->
      </class> <!-- com.qa.api.gorest.tests.UpdateUserTest -->
    </test> <!-- Go Rest API Test - Update User -->
    <test started-at="2025-06-03T23:30:22 EDT" name="Go Rest API Test - Delete User" finished-at="2025-06-03T23:30:26 EDT" duration-ms="3901">
      <class name="com.qa.api.gorest.tests.DeleteUserTest">
        <test-method is-config="true" signature="setup()[pri:0, instance:com.qa.api.gorest.tests.DeleteUserTest@35a9782c]" started-at="2025-06-03T23:30:22 EDT" name="setup" finished-at="2025-06-03T23:30:22 EDT" duration-ms="1" status="PASS">
          <reporter-output>
          </reporter-output>
        </test-method> <!-- setup -->
        <test-method signature="deleteUserTest()[pri:0, instance:com.qa.api.gorest.tests.DeleteUserTest@35a9782c]" started-at="2025-06-03T23:30:22 EDT" name="deleteUserTest" finished-at="2025-06-03T23:30:26 EDT" duration-ms="3897" status="PASS">
          <reporter-output>
          </reporter-output>
        </test-method> <!-- deleteUserTest -->
        <test-method is-config="true" signature="setUpToken()[pri:0, instance:com.qa.api.gorest.tests.DeleteUserTest@35a9782c]" started-at="2025-06-03T23:30:22 EDT" name="setUpToken" finished-at="2025-06-03T23:30:22 EDT" duration-ms="0" status="PASS">
          <reporter-output>
          </reporter-output>
        </test-method> <!-- setUpToken -->
      </class> <!-- com.qa.api.gorest.tests.DeleteUserTest -->
    </test> <!-- Go Rest API Test - Delete User -->
    <test started-at="2025-06-03T23:30:26 EDT" name="Product API Test - Get Product" finished-at="2025-06-03T23:30:27 EDT" duration-ms="1140">
      <class name="com.qa.api.products.tests.ProductAPITest">
        <test-method is-config="true" signature="setup()[pri:0, instance:com.qa.api.products.tests.ProductAPITest@78f5c518]" started-at="2025-06-03T23:30:26 EDT" name="setup" finished-at="2025-06-03T23:30:26 EDT" duration-ms="2" status="PASS">
          <reporter-output>
          </reporter-output>
        </test-method> <!-- setup -->
        <test-method signature="getProductsTest()[pri:0, instance:com.qa.api.products.tests.ProductAPITest@78f5c518]" started-at="2025-06-03T23:30:26 EDT" name="getProductsTest" finished-at="2025-06-03T23:30:27 EDT" duration-ms="1135" status="PASS">
          <reporter-output>
          </reporter-output>
        </test-method> <!-- getProductsTest -->
      </class> <!-- com.qa.api.products.tests.ProductAPITest -->
    </test> <!-- Product API Test - Get Product -->
    <test started-at="2025-06-03T23:30:27 EDT" name="Product API Test - Get Product With Json Path" finished-at="2025-06-03T23:30:28 EDT" duration-ms="915">
      <class name="com.qa.api.products.tests.ProductAPIWithJsonPathTest">
        <test-method is-config="true" signature="setup()[pri:0, instance:com.qa.api.products.tests.ProductAPIWithJsonPathTest@2dd29a59]" started-at="2025-06-03T23:30:27 EDT" name="setup" finished-at="2025-06-03T23:30:27 EDT" duration-ms="2" status="PASS">
          <reporter-output>
          </reporter-output>
        </test-method> <!-- setup -->
        <test-method signature="getProductTest()[pri:0, instance:com.qa.api.products.tests.ProductAPIWithJsonPathTest@2dd29a59]" started-at="2025-06-03T23:30:27 EDT" name="getProductTest" finished-at="2025-06-03T23:30:28 EDT" duration-ms="911" status="PASS">
          <reporter-output>
          </reporter-output>
        </test-method> <!-- getProductTest -->
      </class> <!-- com.qa.api.products.tests.ProductAPIWithJsonPathTest -->
    </test> <!-- Product API Test - Get Product With Json Path -->
    <test started-at="2025-06-03T23:30:28 EDT" name="Schema Test" finished-at="2025-06-03T23:30:30 EDT" duration-ms="1679">
      <class name="com.qa.api.schema.tests.GoRestUserAPISchemaTest">
        <test-method is-config="true" signature="setup()[pri:0, instance:com.qa.api.schema.tests.GoRestUserAPISchemaTest@3d9f6567]" started-at="2025-06-03T23:30:28 EDT" name="setup" finished-at="2025-06-03T23:30:28 EDT" duration-ms="1" status="PASS">
          <reporter-output>
          </reporter-output>
        </test-method> <!-- setup -->
        <test-method signature="createUserAPISchemaTest()[pri:0, instance:com.qa.api.schema.tests.GoRestUserAPISchemaTest@3d9f6567]" started-at="2025-06-03T23:30:28 EDT" name="createUserAPISchemaTest" finished-at="2025-06-03T23:30:29 EDT" duration-ms="672" status="PASS">
          <reporter-output>
          </reporter-output>
        </test-method> <!-- createUserAPISchemaTest -->
        <test-method is-config="true" signature="setToken()[pri:0, instance:com.qa.api.schema.tests.GoRestUserAPISchemaTest@3d9f6567]" started-at="2025-06-03T23:30:28 EDT" name="setToken" finished-at="2025-06-03T23:30:28 EDT" duration-ms="0" status="PASS">
          <reporter-output>
          </reporter-output>
        </test-method> <!-- setToken -->
        <test-method signature="getAllUsersAPISchemaTest()[pri:0, instance:com.qa.api.schema.tests.GoRestUserAPISchemaTest@3d9f6567]" started-at="2025-06-03T23:30:29 EDT" name="getAllUsersAPISchemaTest" finished-at="2025-06-03T23:30:30 EDT" duration-ms="1000" status="PASS">
          <reporter-output>
          </reporter-output>
        </test-method> <!-- getAllUsersAPISchemaTest -->
      </class> <!-- com.qa.api.schema.tests.GoRestUserAPISchemaTest -->
    </test> <!-- Schema Test -->
    <test started-at="2025-06-03T23:30:30 EDT" name="Basic Auth API Test" finished-at="2025-06-03T23:30:31 EDT" duration-ms="983">
      <class name="com.qa.api.basicauth.tests.BasicAuthTest">
        <test-method is-config="true" signature="setupAllureReport()[pri:0, instance:com.qa.api.basicauth.tests.BasicAuthTest@349c1daf]" started-at="2025-06-03T23:30:06 EDT" name="setupAllureReport" finished-at="2025-06-03T23:30:07 EDT" duration-ms="393" status="PASS">
          <reporter-output>
          </reporter-output>
        </test-method> <!-- setupAllureReport -->
        <test-method is-config="true" signature="setup()[pri:0, instance:com.qa.api.basicauth.tests.BasicAuthTest@349c1daf]" started-at="2025-06-03T23:30:30 EDT" name="setup" finished-at="2025-06-03T23:30:30 EDT" duration-ms="2" status="PASS">
          <reporter-output>
          </reporter-output>
        </test-method> <!-- setup -->
        <test-method signature="basicAuthTest()[pri:0, instance:com.qa.api.basicauth.tests.BasicAuthTest@349c1daf]" started-at="2025-06-03T23:30:30 EDT" name="basicAuthTest" finished-at="2025-06-03T23:30:31 EDT" duration-ms="978" status="PASS">
          <reporter-output>
          </reporter-output>
        </test-method> <!-- basicAuthTest -->
      </class> <!-- com.qa.api.basicauth.tests.BasicAuthTest -->
    </test> <!-- Basic Auth API Test -->
  </suite> <!-- API Regression Master Test Suite -->
</testng-results>
