<?xml version="1.0" encoding="UTF-8"?>
<testng-results ignored="3" total="18" passed="15" failed="0" skipped="0">
  <reporter-output>
  </reporter-output>
  <suite started-at="2025-06-03T23:43:08 EDT" name="API Regression Master Test Suite" finished-at="2025-06-03T23:43:30 EDT" duration-ms="21702">
    <groups>
    </groups>
    <test started-at="2025-06-03T23:43:08 EDT" name="Go Rest API Test - Get User" finished-at="2025-06-03T23:43:11 EDT" duration-ms="2838">
      <class name="com.qa.api.gorest.tests.GetUserTest">
        <test-method is-config="true" signature="setup()[pri:0, instance:com.qa.api.gorest.tests.GetUserTest@29215f06]" started-at="2025-06-03T23:43:08 EDT" name="setup" finished-at="2025-06-03T23:43:08 EDT" duration-ms="134" status="PASS">
          <reporter-output>
          </reporter-output>
        </test-method> <!-- setup -->
        <test-method signature="getAllUsersTest()[pri:0, instance:com.qa.api.gorest.tests.GetUserTest@29215f06]" started-at="2025-06-03T23:43:08 EDT" name="getAllUsersTest" finished-at="2025-06-03T23:43:10 EDT" duration-ms="1534" status="PASS">
          <reporter-output>
          </reporter-output>
        </test-method> <!-- getAllUsersTest -->
        <test-method signature="getAllUsersWithQueryParamTest()[pri:0, instance:com.qa.api.gorest.tests.GetUserTest@29215f06]" started-at="2025-06-03T23:43:10 EDT" name="getAllUsersWithQueryParamTest" finished-at="2025-06-03T23:43:11 EDT" duration-ms="1030" status="PASS">
          <reporter-output>
          </reporter-output>
        </test-method> <!-- getAllUsersWithQueryParamTest -->
      </class> <!-- com.qa.api.gorest.tests.GetUserTest -->
    </test> <!-- Go Rest API Test - Get User -->
    <test started-at="2025-06-03T23:43:11 EDT" name="Go Rest API Test - Create User" finished-at="2025-06-03T23:43:17 EDT" duration-ms="6357">
      <class name="com.qa.api.gorest.tests.CreateUserTest">
        <test-method is-config="true" signature="setup()[pri:0, instance:com.qa.api.gorest.tests.CreateUserTest@9ef8eb7]" started-at="2025-06-03T23:43:11 EDT" name="setup" finished-at="2025-06-03T23:43:11 EDT" duration-ms="7" status="PASS">
          <reporter-output>
          </reporter-output>
        </test-method> <!-- setup -->
        <test-method is-config="true" signature="setUpToken()[pri:0, instance:com.qa.api.gorest.tests.CreateUserTest@9ef8eb7]" started-at="2025-06-03T23:43:11 EDT" name="setUpToken" finished-at="2025-06-03T23:43:11 EDT" duration-ms="2" status="PASS">
          <reporter-output>
          </reporter-output>
        </test-method> <!-- setUpToken -->
        <test-method signature="createAUserWithDataProviderTest(java.lang.String,java.lang.String,java.lang.String)[pri:0, instance:com.qa.api.gorest.tests.CreateUserTest@9ef8eb7]" started-at="2025-06-03T23:43:12 EDT" name="createAUserWithDataProviderTest" data-provider="getUserExcelData" finished-at="2025-06-03T23:43:13 EDT" duration-ms="1802" status="PASS">
          <params>
            <param index="0">
              <value>
                <![CDATA[Carlos]]>
              </value>
            </param>
            <param index="1">
              <value>
                <![CDATA[male]]>
              </value>
            </param>
            <param index="2">
              <value>
                <![CDATA[active]]>
              </value>
            </param>
          </params>
          <reporter-output>
          </reporter-output>
        </test-method> <!-- createAUserWithDataProviderTest -->
        <test-method signature="createAUserWithDataProviderTest(java.lang.String,java.lang.String,java.lang.String)[pri:0, instance:com.qa.api.gorest.tests.CreateUserTest@9ef8eb7]" started-at="2025-06-03T23:43:13 EDT" name="createAUserWithDataProviderTest" data-provider="getUserExcelData" finished-at="2025-06-03T23:43:14 EDT" duration-ms="499" status="PASS">
          <params>
            <param index="0">
              <value>
                <![CDATA[Raul]]>
              </value>
            </param>
            <param index="1">
              <value>
                <![CDATA[male]]>
              </value>
            </param>
            <param index="2">
              <value>
                <![CDATA[inactive]]>
              </value>
            </param>
          </params>
          <reporter-output>
          </reporter-output>
        </test-method> <!-- createAUserWithDataProviderTest -->
        <test-method signature="createAUserWithDataProviderTest(java.lang.String,java.lang.String,java.lang.String)[pri:0, instance:com.qa.api.gorest.tests.CreateUserTest@9ef8eb7]" started-at="2025-06-03T23:43:14 EDT" name="createAUserWithDataProviderTest" data-provider="getUserExcelData" finished-at="2025-06-03T23:43:15 EDT" duration-ms="998" status="PASS">
          <params>
            <param index="0">
              <value>
                <![CDATA[Pedro]]>
              </value>
            </param>
            <param index="1">
              <value>
                <![CDATA[male]]>
              </value>
            </param>
            <param index="2">
              <value>
                <![CDATA[active]]>
              </value>
            </param>
          </params>
          <reporter-output>
          </reporter-output>
        </test-method> <!-- createAUserWithDataProviderTest -->
        <test-method signature="createAUserWithDataProviderTest(java.lang.String,java.lang.String,java.lang.String)[pri:0, instance:com.qa.api.gorest.tests.CreateUserTest@9ef8eb7]" started-at="2025-06-03T23:43:15 EDT" name="createAUserWithDataProviderTest" data-provider="getUserExcelData" finished-at="2025-06-03T23:43:16 EDT" duration-ms="1055" status="PASS">
          <params>
            <param index="0">
              <value>
                <![CDATA[Ana]]>
              </value>
            </param>
            <param index="1">
              <value>
                <![CDATA[female]]>
              </value>
            </param>
            <param index="2">
              <value>
                <![CDATA[active]]>
              </value>
            </param>
          </params>
          <reporter-output>
          </reporter-output>
        </test-method> <!-- createAUserWithDataProviderTest -->
        <test-method signature="createAUserWithDataProviderTest(java.lang.String,java.lang.String,java.lang.String)[pri:0, instance:com.qa.api.gorest.tests.CreateUserTest@9ef8eb7]" started-at="2025-06-03T23:43:16 EDT" name="createAUserWithDataProviderTest" data-provider="getUserExcelData" finished-at="2025-06-03T23:43:16 EDT" duration-ms="578" status="PASS">
          <params>
            <param index="0">
              <value>
                <![CDATA[Karla]]>
              </value>
            </param>
            <param index="1">
              <value>
                <![CDATA[female]]>
              </value>
            </param>
            <param index="2">
              <value>
                <![CDATA[active]]>
              </value>
            </param>
          </params>
          <reporter-output>
          </reporter-output>
        </test-method> <!-- createAUserWithDataProviderTest -->
        <test-method signature="createAUserWithPOJOTest()[pri:0, instance:com.qa.api.gorest.tests.CreateUserTest@9ef8eb7]" started-at="2025-06-03T23:43:16 EDT" name="createAUserWithPOJOTest" finished-at="2025-06-03T23:43:17 EDT" duration-ms="995" status="PASS">
          <reporter-output>
          </reporter-output>
        </test-method> <!-- createAUserWithPOJOTest -->
      </class> <!-- com.qa.api.gorest.tests.CreateUserTest -->
    </test> <!-- Go Rest API Test - Create User -->
    <test started-at="2025-06-03T23:43:17 EDT" name="Go Rest API Test - Update User" finished-at="2025-06-03T23:43:20 EDT" duration-ms="2893">
      <class name="com.qa.api.gorest.tests.UpdateUserTest">
        <test-method is-config="true" signature="setup()[pri:0, instance:com.qa.api.gorest.tests.UpdateUserTest@1d730606]" started-at="2025-06-03T23:43:17 EDT" name="setup" finished-at="2025-06-03T23:43:17 EDT" duration-ms="1" status="PASS">
          <reporter-output>
          </reporter-output>
        </test-method> <!-- setup -->
        <test-method is-config="true" signature="setUpToken()[pri:0, instance:com.qa.api.gorest.tests.UpdateUserTest@1d730606]" started-at="2025-06-03T23:43:17 EDT" name="setUpToken" finished-at="2025-06-03T23:43:17 EDT" duration-ms="0" status="PASS">
          <reporter-output>
          </reporter-output>
        </test-method> <!-- setUpToken -->
        <test-method signature="updateAUserTest()[pri:0, instance:com.qa.api.gorest.tests.UpdateUserTest@1d730606]" started-at="2025-06-03T23:43:17 EDT" name="updateAUserTest" finished-at="2025-06-03T23:43:20 EDT" duration-ms="2888" status="PASS">
          <reporter-output>
          </reporter-output>
        </test-method> <!-- updateAUserTest -->
      </class> <!-- com.qa.api.gorest.tests.UpdateUserTest -->
    </test> <!-- Go Rest API Test - Update User -->
    <test started-at="2025-06-03T23:43:20 EDT" name="Go Rest API Test - Delete User" finished-at="2025-06-03T23:43:24 EDT" duration-ms="3958">
      <class name="com.qa.api.gorest.tests.DeleteUserTest">
        <test-method is-config="true" signature="setup()[pri:0, instance:com.qa.api.gorest.tests.DeleteUserTest@fc258b1]" started-at="2025-06-03T23:43:20 EDT" name="setup" finished-at="2025-06-03T23:43:20 EDT" duration-ms="1" status="PASS">
          <reporter-output>
          </reporter-output>
        </test-method> <!-- setup -->
        <test-method is-config="true" signature="setUpToken()[pri:0, instance:com.qa.api.gorest.tests.DeleteUserTest@fc258b1]" started-at="2025-06-03T23:43:20 EDT" name="setUpToken" finished-at="2025-06-03T23:43:20 EDT" duration-ms="0" status="PASS">
          <reporter-output>
          </reporter-output>
        </test-method> <!-- setUpToken -->
        <test-method signature="deleteUserTest()[pri:0, instance:com.qa.api.gorest.tests.DeleteUserTest@fc258b1]" started-at="2025-06-03T23:43:20 EDT" name="deleteUserTest" finished-at="2025-06-03T23:43:24 EDT" duration-ms="3950" status="PASS">
          <reporter-output>
          </reporter-output>
        </test-method> <!-- deleteUserTest -->
      </class> <!-- com.qa.api.gorest.tests.DeleteUserTest -->
    </test> <!-- Go Rest API Test - Delete User -->
    <test started-at="2025-06-03T23:43:24 EDT" name="Product API Test - Get Product" finished-at="2025-06-03T23:43:26 EDT" duration-ms="1214">
      <class name="com.qa.api.products.tests.ProductAPITest">
        <test-method is-config="true" signature="setup()[pri:0, instance:com.qa.api.products.tests.ProductAPITest@3300f4fd]" started-at="2025-06-03T23:43:24 EDT" name="setup" finished-at="2025-06-03T23:43:24 EDT" duration-ms="3" status="PASS">
          <reporter-output>
          </reporter-output>
        </test-method> <!-- setup -->
        <test-method signature="getProductsTest()[pri:0, instance:com.qa.api.products.tests.ProductAPITest@3300f4fd]" started-at="2025-06-03T23:43:24 EDT" name="getProductsTest" finished-at="2025-06-03T23:43:26 EDT" duration-ms="1206" status="PASS">
          <reporter-output>
          </reporter-output>
        </test-method> <!-- getProductsTest -->
      </class> <!-- com.qa.api.products.tests.ProductAPITest -->
    </test> <!-- Product API Test - Get Product -->
    <test started-at="2025-06-03T23:43:26 EDT" name="Product API Test - Get Product With Json Path" finished-at="2025-06-03T23:43:26 EDT" duration-ms="890">
      <class name="com.qa.api.products.tests.ProductAPIWithJsonPathTest">
        <test-method is-config="true" signature="setup()[pri:0, instance:com.qa.api.products.tests.ProductAPIWithJsonPathTest@4d722ac9]" started-at="2025-06-03T23:43:26 EDT" name="setup" finished-at="2025-06-03T23:43:26 EDT" duration-ms="1" status="PASS">
          <reporter-output>
          </reporter-output>
        </test-method> <!-- setup -->
        <test-method signature="getProductTest()[pri:0, instance:com.qa.api.products.tests.ProductAPIWithJsonPathTest@4d722ac9]" started-at="2025-06-03T23:43:26 EDT" name="getProductTest" finished-at="2025-06-03T23:43:26 EDT" duration-ms="886" status="PASS">
          <reporter-output>
          </reporter-output>
        </test-method> <!-- getProductTest -->
      </class> <!-- com.qa.api.products.tests.ProductAPIWithJsonPathTest -->
    </test> <!-- Product API Test - Get Product With Json Path -->
    <test started-at="2025-06-03T23:43:26 EDT" name="Schema Test" finished-at="2025-06-03T23:43:29 EDT" duration-ms="2292">
      <class name="com.qa.api.schema.tests.GoRestUserAPISchemaTest">
        <test-method is-config="true" signature="setup()[pri:0, instance:com.qa.api.schema.tests.GoRestUserAPISchemaTest@7f6f61c8]" started-at="2025-06-03T23:43:26 EDT" name="setup" finished-at="2025-06-03T23:43:26 EDT" duration-ms="2" status="PASS">
          <reporter-output>
          </reporter-output>
        </test-method> <!-- setup -->
        <test-method signature="createUserAPISchemaTest()[pri:0, instance:com.qa.api.schema.tests.GoRestUserAPISchemaTest@7f6f61c8]" started-at="2025-06-03T23:43:26 EDT" name="createUserAPISchemaTest" finished-at="2025-06-03T23:43:28 EDT" duration-ms="1256" status="PASS">
          <reporter-output>
          </reporter-output>
        </test-method> <!-- createUserAPISchemaTest -->
        <test-method is-config="true" signature="setToken()[pri:0, instance:com.qa.api.schema.tests.GoRestUserAPISchemaTest@7f6f61c8]" started-at="2025-06-03T23:43:26 EDT" name="setToken" finished-at="2025-06-03T23:43:26 EDT" duration-ms="0" status="PASS">
          <reporter-output>
          </reporter-output>
        </test-method> <!-- setToken -->
        <test-method signature="getAllUsersAPISchemaTest()[pri:0, instance:com.qa.api.schema.tests.GoRestUserAPISchemaTest@7f6f61c8]" started-at="2025-06-03T23:43:28 EDT" name="getAllUsersAPISchemaTest" finished-at="2025-06-03T23:43:29 EDT" duration-ms="1025" status="PASS">
          <reporter-output>
          </reporter-output>
        </test-method> <!-- getAllUsersAPISchemaTest -->
      </class> <!-- com.qa.api.schema.tests.GoRestUserAPISchemaTest -->
    </test> <!-- Schema Test -->
    <test started-at="2025-06-03T23:43:29 EDT" name="Basic Auth API Test" finished-at="2025-06-03T23:43:30 EDT" duration-ms="1079">
      <class name="com.qa.api.basicauth.tests.BasicAuthTest">
        <test-method is-config="true" signature="setupAllureReport()[pri:0, instance:com.qa.api.basicauth.tests.BasicAuthTest@7d42c224]" started-at="2025-06-03T23:43:08 EDT" name="setupAllureReport" finished-at="2025-06-03T23:43:08 EDT" duration-ms="344" status="PASS">
          <reporter-output>
          </reporter-output>
        </test-method> <!-- setupAllureReport -->
        <test-method is-config="true" signature="setup()[pri:0, instance:com.qa.api.basicauth.tests.BasicAuthTest@7d42c224]" started-at="2025-06-03T23:43:29 EDT" name="setup" finished-at="2025-06-03T23:43:29 EDT" duration-ms="4" status="PASS">
          <reporter-output>
          </reporter-output>
        </test-method> <!-- setup -->
        <test-method signature="basicAuthTest()[pri:0, instance:com.qa.api.basicauth.tests.BasicAuthTest@7d42c224]" started-at="2025-06-03T23:43:29 EDT" name="basicAuthTest" finished-at="2025-06-03T23:43:30 EDT" duration-ms="1071" status="PASS">
          <reporter-output>
          </reporter-output>
        </test-method> <!-- basicAuthTest -->
      </class> <!-- com.qa.api.basicauth.tests.BasicAuthTest -->
    </test> <!-- Basic Auth API Test -->
  </suite> <!-- API Regression Master Test Suite -->
</testng-results>
